<?xml version="1.0" encoding="UTF-8"?>
<testsuite name="com.example.airi_javaTest.AiriJavaTestApplicationTests" tests="1" skipped="0" failures="0" errors="0" timestamp="2024-04-23T16:29:51" hostname="5122621ccd81" time="0.522">
  <properties/>
  <testcase name="contextLoads()" classname="com.example.airi_javaTest.AiriJavaTestApplicationTests" time="0.522"/>
  <system-out><![CDATA[16:29:50.671 [Test worker] INFO org.springframework.test.context.support.AnnotationConfigContextLoaderUtils -- Could not detect default configuration classes for test class [com.example.airi_javaTest.AiriJavaTestApplicationTests]: AiriJavaTestApplicationTests does not declare any static, non-private, non-final, nested classes annotated with @Configuration.
16:29:50.735 [Test worker] INFO org.springframework.boot.test.context.SpringBootTestContextBootstrapper -- Found @SpringBootConfiguration com.example.airi_javaTest.AiriJavaTestApplication for test class com.example.airi_javaTest.AiriJavaTestApplicationTests

  .   ____          _            __ _ _
 /\\ / ___'_ __ _ _(_)_ __  __ _ \ \ \ \
( ( )\___ | '_ | '_| | '_ \/ _` | \ \ \ \
 \\/  ___)| |_)| | | | | || (_| |  ) ) ) )
  '  |____| .__|_| |_|_| |_\__, | / / / /
 =========|_|==============|___/=/_/_/_/
 :: Spring Boot ::                (v3.2.5)

2024-04-23T16:29:50.994Z  INFO 45270 --- [airi_javaTest] [    Test worker] c.e.a.AiriJavaTestApplicationTests       : Starting AiriJavaTestApplicationTests using Java 21 with PID 45270 (started by root in /workspaces/airi_testJava/server)
2024-04-23T16:29:50.995Z  INFO 45270 --- [airi_javaTest] [    Test worker] c.e.a.AiriJavaTestApplicationTests       : No active profile set, falling back to 1 default profile: "default"
2024-04-23T16:29:51.715Z  INFO 45270 --- [airi_javaTest] [    Test worker] c.e.a.AiriJavaTestApplicationTests       : Started AiriJavaTestApplicationTests in 0.875 seconds (process running for 1.504)
]]></system-out>
  <system-err><![CDATA[WARNING: A Java agent has been loaded dynamically (/root/.gradle/caches/modules-2/files-2.1/net.bytebuddy/byte-buddy-agent/1.14.13/979ce25f7d3096a2e82214ba7dc972a05ce7a171/byte-buddy-agent-1.14.13.jar)
WARNING: If a serviceability tool is in use, please run with -XX:+EnableDynamicAgentLoading to hide this warning
WARNING: If a serviceability tool is not in use, please run with -Djdk.instrument.traceUsage for more information
WARNING: Dynamic loading of agents will be disallowed by default in a future release
]]></system-err>
</testsuite>
